11:06:41 **** Build of configuration Debug for project P2 ****
cs-make all 
'Building file: ../common/44binit.asm'
'Invoking: ARM Sourcery Windows GCC Assembler'
arm-none-eabi-gcc -x assembler-with-cpp -I"G:\PH\P2\common" -Wall -Wa,-adhlns="common/44binit.o.lst" -c -fmessage-length=0 -MMD -MP -MF"common/44binit.d" -MT"common/44binit.d" -mcpu=arm7tdmi -g3 -gdwarf-2 -o "common/44binit.o" "../common/44binit.asm"
C:\Users\Roberto\AppData\Local\Temp\ccgeH4Cg.s: Assembler messages:
C:\Users\Roberto\AppData\Local\Temp\ccgeH4Cg.s:327: Error: can't open option.a for reading: No such file or directory
C:\Users\Roberto\AppData\Local\Temp\ccgeH4Cg.s:328: Error: can't open memcfg.a for reading: No such file or directory
../common/44binit.asm:233: Error: non-constant expression in ".if" statement
../common/44binit.asm:396: Error: non-constant expression in ".if" statement
cs-make: *** [common/44binit.o] Error 1
11:06:49 **** Building Selected Files of configuration Debug for project P2 ****
Info: Internal Builder is used for build
arm-none-eabi-gcc "-IG:\\PH\\P2\\common" -O0 -Wall -Wa,-adhlns=$@.lst -c -fmessage-length=0 -mapcs-frame -mcpu=arm7tdmi -g3 -gdwarf-2 -o main.o "..\\main.c" 
..\main.c:10:20: fatal error: 44blib.h: No such file or directory
compilation terminated.
11:07:17 **** Building Selected Files of configuration Debug for project P2 ****
Info: Internal Builder is used for build
arm-none-eabi-gcc "-IG:\\PH\\P2\\common" -O0 -Wall -Wa,-adhlns=$@.lst -c -fmessage-length=0 -mapcs-frame -mcpu=arm7tdmi -g3 -gdwarf-2 -o main.o "..\\main.c" 
..\main.c:11:17: fatal error: 44b.h: No such file or directory
compilation terminated.
11:07:34 **** Building Selected Files of configuration Debug for project P2 ****
Info: Internal Builder is used for build
arm-none-eabi-gcc "-IG:\\PH\\P2\\common" -O0 -Wall -Wa,-adhlns=$@.lst -c -fmessage-length=0 -mapcs-frame -mcpu=arm7tdmi -g3 -gdwarf-2 -o main.o "..\\main.c" 
..\main.c: In function 'Main':
..\main.c:39:2: warning: implicit declaration of function 'sys_init'
..\main.c: In function 'init_debug_stack':
..\main.c:65:11: warning: assignment makes pointer from integer without a cast
..\main.c:66:1: error: expected ';' before '}' token
..\main.c: In function 'push_debug':
..\main.c:72:2: warning: implicit declaration of function 'timer2_leer'
..\main.c:74:14: warning: comparison between pointer and integer
..\main.c:74:36: warning: assignment makes pointer from integer without a cast
11:09:17 **** Building Selected Files of configuration Debug for project P2 ****
Info: Internal Builder is used for build
arm-none-eabi-gcc "-IG:\\PH\\P2\\common" -O0 -Wall -Wa,-adhlns=$@.lst -c -fmessage-length=0 -mapcs-frame -mcpu=arm7tdmi -g3 -gdwarf-2 -o main.o "..\\main.c" 
..\main.c: In function 'Main':
..\main.c:39:2: warning: implicit declaration of function 'sys_init'
..\main.c: In function 'init_debug_stack':
..\main.c:65:11: warning: assignment makes pointer from integer without a cast
..\main.c: In function 'push_debug':
..\main.c:72:2: warning: implicit declaration of function 'timer2_leer'
..\main.c:74:14: warning: comparison between pointer and integer
..\main.c:74:40: error: expected expression before 'int'
..\main.c:74:44: error: expected ';' before 'MEMDStack'
11:09:35 **** Building Selected Files of configuration Debug for project P2 ****
Info: Internal Builder is used for build
arm-none-eabi-gcc "-IG:\\PH\\P2\\common" -O0 -Wall -Wa,-adhlns=$@.lst -c -fmessage-length=0 -mapcs-frame -mcpu=arm7tdmi -g3 -gdwarf-2 -o main.o "..\\main.c" 
..\main.c: In function 'Main':
..\main.c:39:2: warning: implicit declaration of function 'sys_init'
..\main.c: In function 'init_debug_stack':
..\main.c:65:11: warning: assignment makes pointer from integer without a cast
..\main.c: In function 'push_debug':
..\main.c:72:2: warning: implicit declaration of function 'timer2_leer'
..\main.c:74:14: warning: comparison between pointer and integer
..\main.c:74:38: warning: cast to pointer from integer of different size
11:10:21 **** Building Selected Files of configuration Debug for project P2 ****
Info: Internal Builder is used for build
arm-none-eabi-gcc "-IG:\\PH\\P2\\common" -O0 -Wall -Wa,-adhlns=$@.lst -c -fmessage-length=0 -mapcs-frame -mcpu=arm7tdmi -g3 -gdwarf-2 -o main.o "..\\main.c" 
..\main.c: In function 'Main':
..\main.c:39:2: warning: implicit declaration of function 'sys_init'
..\main.c: In function 'init_debug_stack':
..\main.c:65:11: warning: assignment makes pointer from integer without a cast
..\main.c: In function 'push_debug':
..\main.c:72:2: warning: implicit declaration of function 'timer2_leer'
..\main.c:74:14: warning: comparison between pointer and integer
11:10:49 **** Building Selected Files of configuration Debug for project P2 ****
Info: Internal Builder is used for build
arm-none-eabi-gcc "-IG:\\PH\\P2\\common" -O0 -Wall -Wa,-adhlns=$@.lst -c -fmessage-length=0 -mapcs-frame -mcpu=arm7tdmi -g3 -gdwarf-2 -o main.o "..\\main.c" 
..\main.c: In function 'Main':
..\main.c:39:2: warning: implicit declaration of function 'sys_init'
..\main.c: In function 'init_debug_stack':
..\main.c:65:11: warning: assignment makes pointer from integer without a cast
..\main.c: In function 'push_debug':
..\main.c:72:2: warning: implicit declaration of function 'timer2_leer'
11:11:06 **** Building Selected Files of configuration Debug for project P2 ****
Info: Internal Builder is used for build
arm-none-eabi-gcc "-IG:\\PH\\P2\\common" -O0 -Wall -Wa,-adhlns=$@.lst -c -fmessage-length=0 -mapcs-frame -mcpu=arm7tdmi -g3 -gdwarf-2 -o main.o "..\\main.c" 
..\main.c: In function 'Main':
..\main.c:39:2: warning: implicit declaration of function 'sys_init'
..\main.c: In function 'push_debug':
..\main.c:72:2: warning: implicit declaration of function 'timer2_leer'
11:11:39 **** Building Selected Files of configuration Debug for project P2 ****
Info: Internal Builder is used for build
arm-none-eabi-gcc "-IG:\\PH\\P2\\common" -O0 -Wall -Wa,-adhlns=$@.lst -c -fmessage-length=0 -mapcs-frame -mcpu=arm7tdmi -g3 -gdwarf-2 -o main.o "..\\main.c" 
..\main.c: In function 'Main':
..\main.c:39:2: warning: implicit declaration of function 'sys_init'
..\main.c: In function 'init_debug_stack':
..\main.c:63:2: warning: implicit declaration of function 'sizeOf'
..\main.c:63:39: error: expected expression before 'int'
..\main.c: In function 'push_debug':
..\main.c:72:2: warning: implicit declaration of function 'timer2_leer'
11:11:59 **** Building Selected Files of configuration Debug for project P2 ****
Info: Internal Builder is used for build
arm-none-eabi-gcc "-IG:\\PH\\P2\\common" -O0 -Wall -Wa,-adhlns=$@.lst -c -fmessage-length=0 -mapcs-frame -mcpu=arm7tdmi -g3 -gdwarf-2 -o main.o "..\\main.c" 
..\main.c: In function 'Main':
..\main.c:39:2: warning: implicit declaration of function 'sys_init'
..\main.c: In function 'push_debug':
..\main.c:72:2: warning: implicit declaration of function 'timer2_leer'
11:12:25 **** Building Selected Files of configuration Debug for project P2 ****
Info: Internal Builder is used for build
arm-none-eabi-gcc "-IG:\\PH\\P2\\common" -O0 -Wall -Wa,-adhlns=$@.lst -c -fmessage-length=0 -mapcs-frame -mcpu=arm7tdmi -g3 -gdwarf-2 -o main.o "..\\main.c" 
..\main.c: In function 'Main':
..\main.c:39:2: warning: implicit declaration of function 'sys_init'
..\main.c: In function 'push_debug':
..\main.c:71:13: error: invalid type argument of unary '*' (have 'unsigned int')
..\main.c:72:13: error: invalid type argument of unary '*' (have 'unsigned int')
..\main.c:72:2: warning: implicit declaration of function 'timer2_leer'
..\main.c:73:14: error: invalid type argument of unary '*' (have 'unsigned int')
11:12:38 **** Building Selected Files of configuration Debug for project P2 ****
Info: Internal Builder is used for build
arm-none-eabi-gcc "-IG:\\PH\\P2\\common" -O0 -Wall -Wa,-adhlns=$@.lst -c -fmessage-length=0 -mapcs-frame -mcpu=arm7tdmi -g3 -gdwarf-2 -o main.o "..\\main.c" 
..\main.c: In function 'Main':
..\main.c:39:2: warning: implicit declaration of function 'sys_init'
..\main.c: In function 'push_debug':
..\main.c:72:2: warning: implicit declaration of function 'timer2_leer'
